<?xml version="1.0" encoding="UTF-8"?>
<!-- Generated by org.testng.reporters.JUnitReportReporter -->
<testsuite hostname="DESKTOP-GRF47FU" failures="0" tests="3" name="admin.testscript.LoginTest" time="83.862" errors="0" timestamp="2021-10-30T22:09:22 IST" skipped="0">
  <testcase classname="admin.testscript.LoginTest" name="loginstep1" time="25.531"/>
  <system-out/>
  <testcase classname="admin.testscript.LoginTest" name="forgotloginstep2" time="31.128"/>
  <system-out/>
  <testcase classname="admin.testscript.LoginTest" name="adminloginstep3" time="27.203"/>
  <system-out/>
</testsuite> <!-- admin.testscript.LoginTest -->
