<?xml version="1.0" encoding="UTF-8"?>
<!-- Generated by org.testng.reporters.JUnitReportReporter -->
<testsuite hostname="DESKTOP-GRF47FU" failures="0" tests="1" name="admin.testscript.Fronofficetest" time="6.687" errors="0" timestamp="2021-10-30T22:09:22 IST" skipped="0">
  <testcase classname="admin.testscript.Fronofficetest" name="frontofficetest" time="6.687"/>
  <system-out/>
</testsuite> <!-- admin.testscript.Fronofficetest -->
