<?xml version="1.0" encoding="UTF-8"?>
<!-- Generated by org.testng.reporters.JUnitReportReporter -->
<testsuite hostname="DESKTOP-GRF47FU" failures="0" tests="1" name="admin.testscript.Dashboardtest" time="3.508" errors="0" timestamp="2021-10-30T22:09:22 IST" skipped="0">
  <testcase classname="admin.testscript.Dashboardtest" name="dashboardtest" time="3.508"/>
  <system-out/>
</testsuite> <!-- admin.testscript.Dashboardtest -->
